<?xml version="1.0" encoding="UTF-8"?>
<!-- Generated by org.testng.reporters.JUnitReportReporter -->
<testsuite hostname="DESKTOP-63R5SBN" failures="0" tests="13" name="almosaferWeb.TestCases" time="24.947" errors="1" timestamp="2024-02-08T22:16:25 EET" skipped="12">
  <testcase classname="almosaferWeb.TestCases" name="setUp" time="24.947">
    <error message="no such window: target window already closed
from unknown error: web view not found
  (Session info: chrome=121.0.6167.160)
Build info: version: &#039;4.17.0&#039;, revision: &#039;e52b1be057*&#039;
System info: os.name: &#039;Windows 11&#039;, os.arch: &#039;amd64&#039;, os.version: &#039;10.0&#039;, java.version: &#039;17.0.10&#039;
Driver info: org.openqa.selenium.chrome.ChromeDriver
Command: [327a199061321d2aefe890badc498b4b, findElement {using=class name, value=sc-iBmynh}]
Capabilities {acceptInsecureCerts: false, browserName: chrome, browserVersion: 121.0.6167.160, chrome: {chromedriverVersion: 121.0.6167.85 (3f98d690ad7e..., userDataDir: C:\Users\DELL\AppData\Local...}, fedcm:accounts: true, goog:chromeOptions: {debuggerAddress: localhost:64839}, networkConnectionEnabled: false, pageLoadStrategy: normal, platformName: windows, proxy: Proxy(), se:cdp: ws://localhost:64839/devtoo..., se:cdpVersion: 121.0.6167.160, setWindowRect: true, strictFileInteractability: false, timeouts: {implicit: 0, pageLoad: 300000, script: 30000}, unhandledPromptBehavior: dismiss and notify, webauthn:extension:credBlob: true, webauthn:extension:largeBlob: true, webauthn:extension:minPinLength: true, webauthn:extension:prf: true, webauthn:virtualAuthenticators: true}
Session ID: 327a199061321d2aefe890badc498b4b" type="org.openqa.selenium.NoSuchWindowException">
      <![CDATA[org.openqa.selenium.NoSuchWindowException: no such window: target window already closed
from unknown error: web view not found
  (Session info: chrome=121.0.6167.160)
Build info: version: '4.17.0', revision: 'e52b1be057*'
System info: os.name: 'Windows 11', os.arch: 'amd64', os.version: '10.0', java.version: '17.0.10'
Driver info: org.openqa.selenium.chrome.ChromeDriver
Command: [327a199061321d2aefe890badc498b4b, findElement {using=class name, value=sc-iBmynh}]
Capabilities {acceptInsecureCerts: false, browserName: chrome, browserVersion: 121.0.6167.160, chrome: {chromedriverVersion: 121.0.6167.85 (3f98d690ad7e..., userDataDir: C:\Users\DELL\AppData\Local...}, fedcm:accounts: true, goog:chromeOptions: {debuggerAddress: localhost:64839}, networkConnectionEnabled: false, pageLoadStrategy: normal, platformName: windows, proxy: Proxy(), se:cdp: ws://localhost:64839/devtoo..., se:cdpVersion: 121.0.6167.160, setWindowRect: true, strictFileInteractability: false, timeouts: {implicit: 0, pageLoad: 300000, script: 30000}, unhandledPromptBehavior: dismiss and notify, webauthn:extension:credBlob: true, webauthn:extension:largeBlob: true, webauthn:extension:minPinLength: true, webauthn:extension:prf: true, webauthn:virtualAuthenticators: true}
Session ID: 327a199061321d2aefe890badc498b4b
at java.base/jdk.internal.reflect.NativeConstructorAccessorImpl.newInstance0(Native Method)
at java.base/jdk.internal.reflect.NativeConstructorAccessorImpl.newInstance(NativeConstructorAccessorImpl.java:77)
at java.base/jdk.internal.reflect.DelegatingConstructorAccessorImpl.newInstance(DelegatingConstructorAccessorImpl.java:45)
at java.base/java.lang.reflect.Constructor.newInstanceWithCaller(Constructor.java:499)
at java.base/java.lang.reflect.Constructor.newInstance(Constructor.java:480)
at org.openqa.selenium.remote.codec.w3c.W3CHttpResponseCodec.createException(W3CHttpResponseCodec.java:185)
at org.openqa.selenium.remote.codec.w3c.W3CHttpResponseCodec.decode(W3CHttpResponseCodec.java:134)
at org.openqa.selenium.remote.codec.w3c.W3CHttpResponseCodec.decode(W3CHttpResponseCodec.java:51)
at org.openqa.selenium.remote.HttpCommandExecutor.execute(HttpCommandExecutor.java:190)
at org.openqa.selenium.remote.service.DriverCommandExecutor.invokeExecute(DriverCommandExecutor.java:216)
at org.openqa.selenium.remote.service.DriverCommandExecutor.execute(DriverCommandExecutor.java:174)
at org.openqa.selenium.remote.RemoteWebDriver.execute(RemoteWebDriver.java:519)
at org.openqa.selenium.remote.ElementLocation$ElementFinder$2.findElement(ElementLocation.java:165)
at org.openqa.selenium.remote.ElementLocation.findElement(ElementLocation.java:66)
at org.openqa.selenium.remote.RemoteWebDriver.findElement(RemoteWebDriver.java:356)
at org.openqa.selenium.remote.RemoteWebDriver.findElement(RemoteWebDriver.java:350)
at almosaferWeb.TestCases.setUp(TestCases.java:26)
at java.base/jdk.internal.reflect.NativeMethodAccessorImpl.invoke0(Native Method)
at java.base/jdk.internal.reflect.NativeMethodAccessorImpl.invoke(NativeMethodAccessorImpl.java:77)
at java.base/jdk.internal.reflect.DelegatingMethodAccessorImpl.invoke(DelegatingMethodAccessorImpl.java:43)
at java.base/java.lang.reflect.Method.invoke(Method.java:568)
at org.testng.internal.MethodInvocationHelper.invokeMethod(MethodInvocationHelper.java:133)
at org.testng.internal.MethodInvocationHelper.invokeMethodConsideringTimeout(MethodInvocationHelper.java:62)
at org.testng.internal.ConfigInvoker.invokeConfigurationMethod(ConfigInvoker.java:385)
at org.testng.internal.ConfigInvoker.invokeConfigurations(ConfigInvoker.java:321)
at org.testng.TestRunner.invokeTestConfigurations(TestRunner.java:637)
at org.testng.TestRunner.beforeRun(TestRunner.java:627)
at org.testng.TestRunner.run(TestRunner.java:589)
at org.testng.SuiteRunner.runTest(SuiteRunner.java:377)
at org.testng.SuiteRunner.runSequentially(SuiteRunner.java:371)
at org.testng.SuiteRunner.privateRun(SuiteRunner.java:332)
at org.testng.SuiteRunner.run(SuiteRunner.java:276)
at org.testng.SuiteRunnerWorker.runSuite(SuiteRunnerWorker.java:53)
at org.testng.SuiteRunnerWorker.run(SuiteRunnerWorker.java:96)
at org.testng.TestNG.runSuitesSequentially(TestNG.java:1212)
at org.testng.TestNG.runSuitesLocally(TestNG.java:1134)
at org.testng.TestNG.runSuites(TestNG.java:1063)
at org.testng.TestNG.run(TestNG.java:1031)
at org.testng.remote.AbstractRemoteTestNG.run(AbstractRemoteTestNG.java:115)
at org.testng.remote.RemoteTestNG.initAndRun(RemoteTestNG.java:251)
at org.testng.remote.RemoteTestNG.main(RemoteTestNG.java:77)
]]>
    </error>
  </testcase> <!-- setUp -->
  <system-out/>
  <testcase classname="almosaferWeb.TestCases" name="verifyingDefaultLangIsEnglish" time="0.000">
    <skipped/>
  </testcase> <!-- verifyingDefaultLangIsEnglish -->
  <system-out/>
  <testcase classname="almosaferWeb.TestCases" name="verifingDefaultCurrencyIsSAR" time="0.000">
    <skipped/>
  </testcase> <!-- verifingDefaultCurrencyIsSAR -->
  <system-out/>
  <testcase classname="almosaferWeb.TestCases" name="verifyingContactNumber" time="0.000">
    <skipped/>
  </testcase> <!-- verifyingContactNumber -->
  <system-out/>
  <testcase classname="almosaferWeb.TestCases" name="verifyingQitafLogoIsDisplayedInFooter" time="0.000">
    <skipped/>
  </testcase> <!-- verifyingQitafLogoIsDisplayedInFooter -->
  <system-out/>
  <testcase classname="almosaferWeb.TestCases" name="verifyingHotelsTabNotSelectedByDefault" time="0.000">
    <skipped/>
  </testcase> <!-- verifyingHotelsTabNotSelectedByDefault -->
  <system-out/>
  <testcase classname="almosaferWeb.TestCases" name="verifyingDepartureAndReturnDates" time="0.000">
    <skipped/>
  </testcase> <!-- verifyingDepartureAndReturnDates -->
  <system-out/>
  <testcase classname="almosaferWeb.TestCases" name="randomMethodToChangeLang_2" time="0.000">
    <skipped/>
  </testcase> <!-- randomMethodToChangeLang_2 -->
  <system-out/>
  <testcase classname="almosaferWeb.TestCases" name="switchingToHotelTab" time="0.000">
    <skipped/>
  </testcase> <!-- switchingToHotelTab -->
  <system-out/>
  <testcase classname="almosaferWeb.TestCases" name="randomlySelectingTheVisitorsNumber" time="0.000">
    <skipped/>
  </testcase> <!-- randomlySelectingTheVisitorsNumber -->
  <system-out/>
  <testcase classname="almosaferWeb.TestCases" name="verifyingSearchHotelsPageFullycomplete" time="0.000">
    <skipped/>
  </testcase> <!-- verifyingSearchHotelsPageFullycomplete -->
  <system-out/>
  <testcase classname="almosaferWeb.TestCases" name="verifyingSortingLowestPriceOption" time="0.000">
    <skipped/>
  </testcase> <!-- verifyingSortingLowestPriceOption -->
  <system-out/>
  <testcase classname="almosaferWeb.TestCases" name="randomMethodToChangeLang_1">
    <skipped/>
  </testcase> <!-- randomMethodToChangeLang_1 -->
  <system-out/>
</testsuite> <!-- almosaferWeb.TestCases -->
